<?xml version="1.0" encoding="UTF-8"?>
<coverage generated="1525217810726" clover="3.2.0">
  <project timestamp="1525217810726" name="All files">
    <metrics statements="23" coveredstatements="15" conditionals="17" coveredconditionals="8" methods="6" coveredmethods="5" elements="46" coveredelements="28" complexity="0" loc="23" ncloc="23" packages="1" files="1" classes="1">
      <file name="functions.js" path="/Users/uni/otm-harjoitustyo/snake/logic/functions.js">
        <metrics statements="23" coveredstatements="15" conditionals="17" coveredconditionals="8" methods="6" coveredmethods="5"/>
        <line num="5" count="2" type="stmt"/>
        <line num="6" count="2" type="stmt"/>
        <line num="7" count="2" type="stmt"/>
        <line num="8" count="4" type="stmt"/>
        <line num="11" count="2" type="stmt"/>
        <line num="16" count="2" type="stmt"/>
        <line num="17" count="0" type="cond" truecount="0" falsecount="4"/>
        <line num="18" count="0" type="stmt"/>
        <line num="20" count="2" type="stmt"/>
        <line num="24" count="2" type="stmt"/>
        <line num="28" count="2" type="stmt"/>
        <line num="32" count="0" type="stmt"/>
        <line num="38" count="4" type="cond" truecount="4" falsecount="1"/>
        <line num="40" count="1" type="cond" truecount="1" falsecount="1"/>
        <line num="41" count="0" type="stmt"/>
        <line num="45" count="1" type="cond" truecount="1" falsecount="1"/>
        <line num="46" count="0" type="stmt"/>
        <line num="50" count="1" type="cond" truecount="1" falsecount="1"/>
        <line num="51" count="0" type="stmt"/>
        <line num="55" count="1" type="cond" truecount="1" falsecount="1"/>
        <line num="56" count="0" type="stmt"/>
        <line num="60" count="0" type="stmt"/>
        <line num="94" count="1" type="stmt"/>
      </file>
    </metrics>
  </project>
</coverage>
