{"/Users/uni/otm-harjoitustyo/snake/logic/functions.js": {"path":"/Users/uni/otm-harjoitustyo/snake/logic/functions.js","statementMap":{"0":{"start":{"line":5,"column":17},"end":{"line":5,"column":18}},"1":{"start":{"line":6,"column":19},"end":{"line":6,"column":21}},"2":{"start":{"line":7,"column":2},"end":{"line":10,"column":3}},"3":{"start":{"line":8,"column":4},"end":{"line":9,"column":28}},"4":{"start":{"line":11,"column":2},"end":{"line":11,"column":18}},"5":{"start":{"line":16,"column":2},"end":{"line":20,"column":3}},"6":{"start":{"line":17,"column":4},"end":{"line":19,"column":5}},"7":{"start":{"line":18,"column":6},"end":{"line":18,"column":18}},"8":{"start":{"line":20,"column":4},"end":{"line":20,"column":17}},"9":{"start":{"line":24,"column":2},"end":{"line":24,"column":61}},"10":{"start":{"line":28,"column":2},"end":{"line":28,"column":62}},"11":{"start":{"line":32,"column":2},"end":{"line":35,"column":4}},"12":{"start":{"line":38,"column":2},"end":{"line":61,"column":3}},"13":{"start":{"line":40,"column":6},"end":{"line":40,"column":34}},"14":{"start":{"line":40,"column":25},"end":{"line":40,"column":34}},"15":{"start":{"line":41,"column":6},"end":{"line":41,"column":20}},"16":{"start":{"line":45,"column":6},"end":{"line":45,"column":33}},"17":{"start":{"line":45,"column":24},"end":{"line":45,"column":33}},"18":{"start":{"line":46,"column":6},"end":{"line":46,"column":18}},"19":{"start":{"line":50,"column":6},"end":{"line":50,"column":33}},"20":{"start":{"line":50,"column":24},"end":{"line":50,"column":33}},"21":{"start":{"line":51,"column":6},"end":{"line":51,"column":21}},"22":{"start":{"line":55,"column":6},"end":{"line":55,"column":31}},"23":{"start":{"line":55,"column":22},"end":{"line":55,"column":31}},"24":{"start":{"line":56,"column":6},"end":{"line":56,"column":20}},"25":{"start":{"line":60,"column":6},"end":{"line":60,"column":15}},"26":{"start":{"line":94,"column":0},"end":{"line":101,"column":2}}},"fnMap":{"0":{"name":"createSnake","decl":{"start":{"line":4,"column":9},"end":{"line":4,"column":20}},"loc":{"start":{"line":4,"column":24},"end":{"line":12,"column":1}},"line":4},"1":{"name":"checkCollision","decl":{"start":{"line":15,"column":9},"end":{"line":15,"column":23}},"loc":{"start":{"line":15,"column":37},"end":{"line":21,"column":1}},"line":15},"2":{"name":"xPosition","decl":{"start":{"line":23,"column":9},"end":{"line":23,"column":18}},"loc":{"start":{"line":23,"column":40},"end":{"line":25,"column":1}},"line":23},"3":{"name":"yPosition","decl":{"start":{"line":27,"column":9},"end":{"line":27,"column":18}},"loc":{"start":{"line":27,"column":40},"end":{"line":29,"column":1}},"line":27},"4":{"name":"createFood","decl":{"start":{"line":31,"column":9},"end":{"line":31,"column":19}},"loc":{"start":{"line":31,"column":41},"end":{"line":36,"column":1}},"line":31},"5":{"name":"onKeyPress","decl":{"start":{"line":37,"column":9},"end":{"line":37,"column":19}},"loc":{"start":{"line":37,"column":30},"end":{"line":62,"column":1}},"line":37}},"branchMap":{"0":{"loc":{"start":{"line":17,"column":4},"end":{"line":19,"column":5}},"type":"if","locations":[{"start":{"line":17,"column":4},"end":{"line":19,"column":5}},{"start":{"line":17,"column":4},"end":{"line":19,"column":5}}],"line":17},"1":{"loc":{"start":{"line":17,"column":8},"end":{"line":17,"column":44}},"type":"binary-expr","locations":[{"start":{"line":17,"column":8},"end":{"line":17,"column":24}},{"start":{"line":17,"column":28},"end":{"line":17,"column":44}}],"line":17},"2":{"loc":{"start":{"line":38,"column":2},"end":{"line":61,"column":3}},"type":"switch","locations":[{"start":{"line":39,"column":4},"end":{"line":41,"column":20}},{"start":{"line":44,"column":4},"end":{"line":46,"column":18}},{"start":{"line":49,"column":4},"end":{"line":51,"column":21}},{"start":{"line":54,"column":4},"end":{"line":56,"column":20}},{"start":{"line":59,"column":4},"end":{"line":60,"column":15}}],"line":38},"3":{"loc":{"start":{"line":40,"column":6},"end":{"line":40,"column":34}},"type":"if","locations":[{"start":{"line":40,"column":6},"end":{"line":40,"column":34}},{"start":{"line":40,"column":6},"end":{"line":40,"column":34}}],"line":40},"4":{"loc":{"start":{"line":45,"column":6},"end":{"line":45,"column":33}},"type":"if","locations":[{"start":{"line":45,"column":6},"end":{"line":45,"column":33}},{"start":{"line":45,"column":6},"end":{"line":45,"column":33}}],"line":45},"5":{"loc":{"start":{"line":50,"column":6},"end":{"line":50,"column":33}},"type":"if","locations":[{"start":{"line":50,"column":6},"end":{"line":50,"column":33}},{"start":{"line":50,"column":6},"end":{"line":50,"column":33}}],"line":50},"6":{"loc":{"start":{"line":55,"column":6},"end":{"line":55,"column":31}},"type":"if","locations":[{"start":{"line":55,"column":6},"end":{"line":55,"column":31}},{"start":{"line":55,"column":6},"end":{"line":55,"column":31}}],"line":55}},"s":{"0":2,"1":2,"2":2,"3":4,"4":2,"5":2,"6":0,"7":0,"8":2,"9":2,"10":2,"11":0,"12":4,"13":1,"14":1,"15":0,"16":1,"17":1,"18":0,"19":1,"20":1,"21":0,"22":1,"23":1,"24":0,"25":0,"26":1},"f":{"0":2,"1":2,"2":2,"3":2,"4":0,"5":4},"b":{"0":[0,0],"1":[0,0],"2":[1,1,1,1,0],"3":[1,0],"4":[1,0],"5":[1,0],"6":[1,0]},"_coverageSchema":"332fd63041d2c1bcb487cc26dd0d5f7d97098a6c","hash":"ac08ee1ad9d38632854b3cedf22b3ec39a4c4aa0"}
}
