TN:
SF:/Users/uni/otm-harjoitustyo/snake/logic/functions.js
FN:4,createSnake
FN:15,checkCollision
FN:23,xPosition
FN:27,yPosition
FN:31,createFood
FN:37,onKeyPress
FNF:6
FNH:5
FNDA:2,createSnake
FNDA:2,checkCollision
FNDA:2,xPosition
FNDA:2,yPosition
FNDA:0,createFood
FNDA:4,onKeyPress
DA:5,2
DA:6,2
DA:7,2
DA:8,4
DA:11,2
DA:16,2
DA:17,0
DA:18,0
DA:20,2
DA:24,2
DA:28,2
DA:32,0
DA:38,4
DA:40,1
DA:41,0
DA:45,1
DA:46,0
DA:50,1
DA:51,0
DA:55,1
DA:56,0
DA:60,0
DA:94,1
LF:23
LH:15
BRDA:17,0,0,0
BRDA:17,0,1,0
BRDA:17,1,0,0
BRDA:17,1,1,0
BRDA:38,2,0,1
BRDA:38,2,1,1
BRDA:38,2,2,1
BRDA:38,2,3,1
BRDA:38,2,4,0
BRDA:40,3,0,1
BRDA:40,3,1,0
BRDA:45,4,0,1
BRDA:45,4,1,0
BRDA:50,5,0,1
BRDA:50,5,1,0
BRDA:55,6,0,1
BRDA:55,6,1,0
BRF:17
BRH:8
end_of_record
