<?xml version="1.0" encoding="UTF-8"?>
<coverage generated="1525294603981" clover="3.2.0">
  <project timestamp="1525294603981" name="All files">
    <metrics statements="25" coveredstatements="18" conditionals="17" coveredconditionals="9" methods="6" coveredmethods="5" elements="48" coveredelements="32" complexity="0" loc="25" ncloc="25" packages="1" files="3" classes="3">
      <file name="controls.js" path="/Users/uni/otm-harjoitustyo/snake/logic/controls.js">
        <metrics statements="11" coveredstatements="7" conditionals="13" coveredconditionals="9" methods="1" coveredmethods="1"/>
        <line num="9" count="5" type="cond" truecount="4" falsecount="1"/>
        <line num="11" count="2" type="cond" truecount="2" falsecount="0"/>
        <line num="12" count="1" type="stmt"/>
        <line num="15" count="1" type="cond" truecount="1" falsecount="1"/>
        <line num="16" count="0" type="stmt"/>
        <line num="19" count="1" type="cond" truecount="1" falsecount="1"/>
        <line num="20" count="0" type="stmt"/>
        <line num="23" count="1" type="cond" truecount="1" falsecount="1"/>
        <line num="24" count="0" type="stmt"/>
        <line num="27" count="0" type="stmt"/>
        <line num="31" count="1" type="stmt"/>
      </file>
      <file name="food.js" path="/Users/uni/otm-harjoitustyo/snake/logic/food.js">
        <metrics statements="4" coveredstatements="3" conditionals="0" coveredconditionals="0" methods="3" coveredmethods="2"/>
        <line num="10" count="2" type="stmt"/>
        <line num="19" count="2" type="stmt"/>
        <line num="27" count="0" type="stmt"/>
        <line num="34" count="1" type="stmt"/>
      </file>
      <file name="functions.js" path="/Users/uni/otm-harjoitustyo/snake/logic/functions.js">
        <metrics statements="10" coveredstatements="8" conditionals="4" coveredconditionals="0" methods="2" coveredmethods="2"/>
        <line num="7" count="2" type="stmt"/>
        <line num="8" count="2" type="stmt"/>
        <line num="9" count="2" type="stmt"/>
        <line num="10" count="4" type="stmt"/>
        <line num="13" count="2" type="stmt"/>
        <line num="22" count="2" type="stmt"/>
        <line num="23" count="0" type="cond" truecount="0" falsecount="4"/>
        <line num="24" count="0" type="stmt"/>
        <line num="26" count="2" type="stmt"/>
        <line num="30" count="1" type="stmt"/>
      </file>
    </metrics>
  </project>
</coverage>
