{"/Users/uni/otm-harjoitustyo/snake/snakescript.js": {"path":"/Users/uni/otm-harjoitustyo/snake/snakescript.js","statementMap":{"0":{"start":{"line":2,"column":11},"end":{"line":2,"column":13}},"1":{"start":{"line":3,"column":10},"end":{"line":3,"column":17}},"2":{"start":{"line":6,"column":14},"end":{"line":6,"column":17}},"3":{"start":{"line":7,"column":14},"end":{"line":7,"column":21}},"4":{"start":{"line":9,"column":0},"end":{"line":111,"column":3}},"5":{"start":{"line":10,"column":17},"end":{"line":10,"column":50}},"6":{"start":{"line":11,"column":14},"end":{"line":11,"column":37}},"7":{"start":{"line":12,"column":12},"end":{"line":12,"column":24}},"8":{"start":{"line":13,"column":12},"end":{"line":13,"column":25}},"9":{"start":{"line":21,"column":19},"end":{"line":21,"column":20}},"10":{"start":{"line":22,"column":4},"end":{"line":22,"column":20}},"11":{"start":{"line":23,"column":4},"end":{"line":26,"column":5}},"12":{"start":{"line":24,"column":6},"end":{"line":25,"column":30}},"13":{"start":{"line":31,"column":4},"end":{"line":34,"column":6}},"14":{"start":{"line":39,"column":4},"end":{"line":39,"column":26}},"15":{"start":{"line":40,"column":4},"end":{"line":40,"column":41}},"16":{"start":{"line":41,"column":4},"end":{"line":41,"column":30}},"17":{"start":{"line":42,"column":4},"end":{"line":42,"column":43}},"18":{"start":{"line":47,"column":4},"end":{"line":51,"column":5}},"19":{"start":{"line":48,"column":6},"end":{"line":50,"column":7}},"20":{"start":{"line":49,"column":8},"end":{"line":49,"column":20}},"21":{"start":{"line":51,"column":6},"end":{"line":51,"column":19}},"22":{"start":{"line":57,"column":4},"end":{"line":57,"column":28}},"23":{"start":{"line":58,"column":4},"end":{"line":58,"column":29}},"24":{"start":{"line":59,"column":4},"end":{"line":59,"column":30}},"25":{"start":{"line":60,"column":4},"end":{"line":60,"column":31}},"26":{"start":{"line":62,"column":13},"end":{"line":62,"column":28}},"27":{"start":{"line":63,"column":13},"end":{"line":63,"column":28}},"28":{"start":{"line":65,"column":4},"end":{"line":68,"column":35}},"29":{"start":{"line":65,"column":23},"end":{"line":65,"column":31}},"30":{"start":{"line":66,"column":9},"end":{"line":68,"column":35}},"31":{"start":{"line":66,"column":27},"end":{"line":66,"column":35}},"32":{"start":{"line":67,"column":9},"end":{"line":68,"column":35}},"33":{"start":{"line":67,"column":25},"end":{"line":67,"column":33}},"34":{"start":{"line":68,"column":9},"end":{"line":68,"column":35}},"35":{"start":{"line":68,"column":27},"end":{"line":68,"column":35}},"36":{"start":{"line":71,"column":4},"end":{"line":76,"column":5}},"37":{"start":{"line":74,"column":6},"end":{"line":74,"column":13}},"38":{"start":{"line":75,"column":6},"end":{"line":75,"column":13}},"39":{"start":{"line":79,"column":4},"end":{"line":88,"column":5}},"40":{"start":{"line":80,"column":6},"end":{"line":80,"column":30}},"41":{"start":{"line":81,"column":6},"end":{"line":81,"column":17}},"42":{"start":{"line":83,"column":6},"end":{"line":83,"column":19}},"43":{"start":{"line":85,"column":6},"end":{"line":85,"column":30}},"44":{"start":{"line":86,"column":6},"end":{"line":86,"column":18}},"45":{"start":{"line":87,"column":6},"end":{"line":87,"column":18}},"46":{"start":{"line":89,"column":4},"end":{"line":89,"column":29}},"47":{"start":{"line":91,"column":4},"end":{"line":94,"column":5}},"48":{"start":{"line":92,"column":16},"end":{"line":92,"column":29}},"49":{"start":{"line":93,"column":6},"end":{"line":93,"column":26}},"50":{"start":{"line":96,"column":4},"end":{"line":96,"column":30}},"51":{"start":{"line":98,"column":4},"end":{"line":98,"column":22}},"52":{"start":{"line":103,"column":4},"end":{"line":103,"column":18}},"53":{"start":{"line":104,"column":4},"end":{"line":104,"column":17}},"54":{"start":{"line":105,"column":4},"end":{"line":105,"column":14}},"55":{"start":{"line":106,"column":4},"end":{"line":106,"column":67}},"56":{"start":{"line":106,"column":42},"end":{"line":106,"column":67}},"57":{"start":{"line":107,"column":4},"end":{"line":107,"column":42}},"58":{"start":{"line":110,"column":2},"end":{"line":110,"column":9}},"59":{"start":{"line":113,"column":0},"end":{"line":118,"column":2}}},"fnMap":{"0":{"name":"(anonymous_0)","decl":{"start":{"line":9,"column":46},"end":{"line":9,"column":47}},"loc":{"start":{"line":9,"column":57},"end":{"line":111,"column":1}},"line":9},"1":{"name":"createSnake","decl":{"start":{"line":20,"column":11},"end":{"line":20,"column":22}},"loc":{"start":{"line":20,"column":25},"end":{"line":27,"column":3}},"line":20},"2":{"name":"createFood","decl":{"start":{"line":30,"column":11},"end":{"line":30,"column":21}},"loc":{"start":{"line":30,"column":24},"end":{"line":35,"column":3}},"line":30},"3":{"name":"paintCell","decl":{"start":{"line":38,"column":11},"end":{"line":38,"column":20}},"loc":{"start":{"line":38,"column":27},"end":{"line":43,"column":3}},"line":38},"4":{"name":"checkCollision","decl":{"start":{"line":46,"column":11},"end":{"line":46,"column":25}},"loc":{"start":{"line":46,"column":39},"end":{"line":52,"column":3}},"line":46},"5":{"name":"paint","decl":{"start":{"line":55,"column":11},"end":{"line":55,"column":16}},"loc":{"start":{"line":55,"column":19},"end":{"line":99,"column":3}},"line":55},"6":{"name":"init","decl":{"start":{"line":102,"column":11},"end":{"line":102,"column":15}},"loc":{"start":{"line":102,"column":18},"end":{"line":108,"column":3}},"line":102}},"branchMap":{"0":{"loc":{"start":{"line":48,"column":6},"end":{"line":50,"column":7}},"type":"if","locations":[{"start":{"line":48,"column":6},"end":{"line":50,"column":7}},{"start":{"line":48,"column":6},"end":{"line":50,"column":7}}],"line":48},"1":{"loc":{"start":{"line":48,"column":16},"end":{"line":48,"column":45}},"type":"binary-expr","locations":[{"start":{"line":48,"column":16},"end":{"line":48,"column":25}},{"start":{"line":48,"column":29},"end":{"line":48,"column":45}}],"line":48},"2":{"loc":{"start":{"line":65,"column":4},"end":{"line":68,"column":35}},"type":"if","locations":[{"start":{"line":65,"column":4},"end":{"line":68,"column":35}},{"start":{"line":65,"column":4},"end":{"line":68,"column":35}}],"line":65},"3":{"loc":{"start":{"line":66,"column":9},"end":{"line":68,"column":35}},"type":"if","locations":[{"start":{"line":66,"column":9},"end":{"line":68,"column":35}},{"start":{"line":66,"column":9},"end":{"line":68,"column":35}}],"line":66},"4":{"loc":{"start":{"line":67,"column":9},"end":{"line":68,"column":35}},"type":"if","locations":[{"start":{"line":67,"column":9},"end":{"line":68,"column":35}},{"start":{"line":67,"column":9},"end":{"line":68,"column":35}}],"line":67},"5":{"loc":{"start":{"line":68,"column":9},"end":{"line":68,"column":35}},"type":"if","locations":[{"start":{"line":68,"column":9},"end":{"line":68,"column":35}},{"start":{"line":68,"column":9},"end":{"line":68,"column":35}}],"line":68},"6":{"loc":{"start":{"line":71,"column":4},"end":{"line":76,"column":5}},"type":"if","locations":[{"start":{"line":71,"column":4},"end":{"line":76,"column":5}},{"start":{"line":71,"column":4},"end":{"line":76,"column":5}}],"line":71},"7":{"loc":{"start":{"line":71,"column":8},"end":{"line":73,"column":42}},"type":"binary-expr","locations":[{"start":{"line":71,"column":8},"end":{"line":71,"column":17}},{"start":{"line":71,"column":21},"end":{"line":71,"column":34}},{"start":{"line":72,"column":8},"end":{"line":72,"column":17}},{"start":{"line":72,"column":21},"end":{"line":72,"column":34}},{"start":{"line":73,"column":8},"end":{"line":73,"column":42}}],"line":71},"8":{"loc":{"start":{"line":79,"column":4},"end":{"line":88,"column":5}},"type":"if","locations":[{"start":{"line":79,"column":4},"end":{"line":88,"column":5}},{"start":{"line":79,"column":4},"end":{"line":88,"column":5}}],"line":79},"9":{"loc":{"start":{"line":79,"column":8},"end":{"line":79,"column":38}},"type":"binary-expr","locations":[{"start":{"line":79,"column":8},"end":{"line":79,"column":21}},{"start":{"line":79,"column":25},"end":{"line":79,"column":38}}],"line":79},"10":{"loc":{"start":{"line":106,"column":4},"end":{"line":106,"column":67}},"type":"if","locations":[{"start":{"line":106,"column":4},"end":{"line":106,"column":67}},{"start":{"line":106,"column":4},"end":{"line":106,"column":67}}],"line":106}},"s":{"0":1,"1":1,"2":1,"3":1,"4":1,"5":0,"6":0,"7":0,"8":0,"9":0,"10":0,"11":0,"12":0,"13":0,"14":0,"15":0,"16":0,"17":0,"18":0,"19":0,"20":0,"21":0,"22":0,"23":0,"24":0,"25":0,"26":0,"27":0,"28":0,"29":0,"30":0,"31":0,"32":0,"33":0,"34":0,"35":0,"36":0,"37":0,"38":0,"39":0,"40":0,"41":0,"42":0,"43":0,"44":0,"45":0,"46":0,"47":0,"48":0,"49":0,"50":0,"51":0,"52":0,"53":0,"54":0,"55":0,"56":0,"57":0,"58":0,"59":1},"f":{"0":0,"1":0,"2":0,"3":0,"4":0,"5":0,"6":0},"b":{"0":[0,0],"1":[0,0],"2":[0,0],"3":[0,0],"4":[0,0],"5":[0,0],"6":[0,0],"7":[0,0,0,0,0],"8":[0,0],"9":[0,0],"10":[0,0]},"_coverageSchema":"332fd63041d2c1bcb487cc26dd0d5f7d97098a6c","hash":"adefbb933426e838f3432c17ad376e4d4b8109f5"}
,"/Users/uni/otm-harjoitustyo/snake/sum.js": {"path":"/Users/uni/otm-harjoitustyo/snake/sum.js","statementMap":{"0":{"start":{"line":2,"column":4},"end":{"line":2,"column":17}},"1":{"start":{"line":4,"column":2},"end":{"line":4,"column":23}}},"fnMap":{"0":{"name":"sum","decl":{"start":{"line":1,"column":9},"end":{"line":1,"column":12}},"loc":{"start":{"line":1,"column":19},"end":{"line":3,"column":3}},"line":1}},"branchMap":{},"s":{"0":1,"1":1},"f":{"0":1},"b":{},"_coverageSchema":"332fd63041d2c1bcb487cc26dd0d5f7d97098a6c","hash":"1ea5460890a58465375f04ac73af08f0b24ccfee"}
}
