{"/Users/uni/otm-harjoitustyo/snake/snakescript.js": {"path":"/Users/uni/otm-harjoitustyo/snake/snakescript.js","statementMap":{"0":{"start":{"line":2,"column":11},"end":{"line":2,"column":13}},"1":{"start":{"line":3,"column":10},"end":{"line":3,"column":17}},"2":{"start":{"line":6,"column":14},"end":{"line":6,"column":17}},"3":{"start":{"line":7,"column":14},"end":{"line":7,"column":21}},"4":{"start":{"line":9,"column":0},"end":{"line":117,"column":3}},"5":{"start":{"line":10,"column":17},"end":{"line":10,"column":50}},"6":{"start":{"line":11,"column":14},"end":{"line":11,"column":37}},"7":{"start":{"line":12,"column":12},"end":{"line":12,"column":24}},"8":{"start":{"line":13,"column":12},"end":{"line":13,"column":25}},"9":{"start":{"line":27,"column":19},"end":{"line":27,"column":20}},"10":{"start":{"line":28,"column":4},"end":{"line":28,"column":20}},"11":{"start":{"line":29,"column":4},"end":{"line":32,"column":5}},"12":{"start":{"line":30,"column":6},"end":{"line":31,"column":30}},"13":{"start":{"line":37,"column":4},"end":{"line":40,"column":6}},"14":{"start":{"line":45,"column":4},"end":{"line":45,"column":26}},"15":{"start":{"line":46,"column":4},"end":{"line":46,"column":41}},"16":{"start":{"line":47,"column":4},"end":{"line":47,"column":30}},"17":{"start":{"line":48,"column":4},"end":{"line":48,"column":43}},"18":{"start":{"line":53,"column":4},"end":{"line":57,"column":5}},"19":{"start":{"line":54,"column":6},"end":{"line":56,"column":7}},"20":{"start":{"line":55,"column":8},"end":{"line":55,"column":20}},"21":{"start":{"line":57,"column":6},"end":{"line":57,"column":19}},"22":{"start":{"line":63,"column":4},"end":{"line":63,"column":28}},"23":{"start":{"line":64,"column":4},"end":{"line":64,"column":29}},"24":{"start":{"line":65,"column":4},"end":{"line":65,"column":30}},"25":{"start":{"line":66,"column":4},"end":{"line":66,"column":31}},"26":{"start":{"line":68,"column":13},"end":{"line":68,"column":28}},"27":{"start":{"line":69,"column":13},"end":{"line":69,"column":28}},"28":{"start":{"line":71,"column":4},"end":{"line":74,"column":35}},"29":{"start":{"line":71,"column":23},"end":{"line":71,"column":31}},"30":{"start":{"line":72,"column":9},"end":{"line":74,"column":35}},"31":{"start":{"line":72,"column":27},"end":{"line":72,"column":35}},"32":{"start":{"line":73,"column":9},"end":{"line":74,"column":35}},"33":{"start":{"line":73,"column":25},"end":{"line":73,"column":33}},"34":{"start":{"line":74,"column":9},"end":{"line":74,"column":35}},"35":{"start":{"line":74,"column":27},"end":{"line":74,"column":35}},"36":{"start":{"line":77,"column":4},"end":{"line":82,"column":5}},"37":{"start":{"line":80,"column":6},"end":{"line":80,"column":13}},"38":{"start":{"line":81,"column":6},"end":{"line":81,"column":13}},"39":{"start":{"line":85,"column":4},"end":{"line":94,"column":5}},"40":{"start":{"line":86,"column":6},"end":{"line":86,"column":30}},"41":{"start":{"line":87,"column":6},"end":{"line":87,"column":17}},"42":{"start":{"line":89,"column":6},"end":{"line":89,"column":19}},"43":{"start":{"line":91,"column":6},"end":{"line":91,"column":30}},"44":{"start":{"line":92,"column":6},"end":{"line":92,"column":18}},"45":{"start":{"line":93,"column":6},"end":{"line":93,"column":18}},"46":{"start":{"line":95,"column":4},"end":{"line":95,"column":29}},"47":{"start":{"line":97,"column":4},"end":{"line":100,"column":5}},"48":{"start":{"line":98,"column":16},"end":{"line":98,"column":29}},"49":{"start":{"line":99,"column":6},"end":{"line":99,"column":26}},"50":{"start":{"line":102,"column":4},"end":{"line":102,"column":30}},"51":{"start":{"line":104,"column":4},"end":{"line":104,"column":22}},"52":{"start":{"line":109,"column":4},"end":{"line":109,"column":18}},"53":{"start":{"line":110,"column":4},"end":{"line":110,"column":17}},"54":{"start":{"line":111,"column":4},"end":{"line":111,"column":14}},"55":{"start":{"line":112,"column":4},"end":{"line":112,"column":67}},"56":{"start":{"line":112,"column":42},"end":{"line":112,"column":67}},"57":{"start":{"line":113,"column":4},"end":{"line":113,"column":42}},"58":{"start":{"line":116,"column":2},"end":{"line":116,"column":9}},"59":{"start":{"line":119,"column":0},"end":{"line":124,"column":2}}},"fnMap":{"0":{"name":"(anonymous_0)","decl":{"start":{"line":9,"column":46},"end":{"line":9,"column":47}},"loc":{"start":{"line":9,"column":57},"end":{"line":117,"column":1}},"line":9},"1":{"name":"createSnake","decl":{"start":{"line":26,"column":11},"end":{"line":26,"column":22}},"loc":{"start":{"line":26,"column":25},"end":{"line":33,"column":3}},"line":26},"2":{"name":"createFood","decl":{"start":{"line":36,"column":11},"end":{"line":36,"column":21}},"loc":{"start":{"line":36,"column":24},"end":{"line":41,"column":3}},"line":36},"3":{"name":"paintCell","decl":{"start":{"line":44,"column":11},"end":{"line":44,"column":20}},"loc":{"start":{"line":44,"column":27},"end":{"line":49,"column":3}},"line":44},"4":{"name":"checkCollision","decl":{"start":{"line":52,"column":11},"end":{"line":52,"column":25}},"loc":{"start":{"line":52,"column":39},"end":{"line":58,"column":3}},"line":52},"5":{"name":"paint","decl":{"start":{"line":61,"column":11},"end":{"line":61,"column":16}},"loc":{"start":{"line":61,"column":19},"end":{"line":105,"column":3}},"line":61},"6":{"name":"init","decl":{"start":{"line":108,"column":11},"end":{"line":108,"column":15}},"loc":{"start":{"line":108,"column":18},"end":{"line":114,"column":3}},"line":108}},"branchMap":{"0":{"loc":{"start":{"line":54,"column":6},"end":{"line":56,"column":7}},"type":"if","locations":[{"start":{"line":54,"column":6},"end":{"line":56,"column":7}},{"start":{"line":54,"column":6},"end":{"line":56,"column":7}}],"line":54},"1":{"loc":{"start":{"line":54,"column":16},"end":{"line":54,"column":45}},"type":"binary-expr","locations":[{"start":{"line":54,"column":16},"end":{"line":54,"column":25}},{"start":{"line":54,"column":29},"end":{"line":54,"column":45}}],"line":54},"2":{"loc":{"start":{"line":71,"column":4},"end":{"line":74,"column":35}},"type":"if","locations":[{"start":{"line":71,"column":4},"end":{"line":74,"column":35}},{"start":{"line":71,"column":4},"end":{"line":74,"column":35}}],"line":71},"3":{"loc":{"start":{"line":72,"column":9},"end":{"line":74,"column":35}},"type":"if","locations":[{"start":{"line":72,"column":9},"end":{"line":74,"column":35}},{"start":{"line":72,"column":9},"end":{"line":74,"column":35}}],"line":72},"4":{"loc":{"start":{"line":73,"column":9},"end":{"line":74,"column":35}},"type":"if","locations":[{"start":{"line":73,"column":9},"end":{"line":74,"column":35}},{"start":{"line":73,"column":9},"end":{"line":74,"column":35}}],"line":73},"5":{"loc":{"start":{"line":74,"column":9},"end":{"line":74,"column":35}},"type":"if","locations":[{"start":{"line":74,"column":9},"end":{"line":74,"column":35}},{"start":{"line":74,"column":9},"end":{"line":74,"column":35}}],"line":74},"6":{"loc":{"start":{"line":77,"column":4},"end":{"line":82,"column":5}},"type":"if","locations":[{"start":{"line":77,"column":4},"end":{"line":82,"column":5}},{"start":{"line":77,"column":4},"end":{"line":82,"column":5}}],"line":77},"7":{"loc":{"start":{"line":77,"column":8},"end":{"line":79,"column":42}},"type":"binary-expr","locations":[{"start":{"line":77,"column":8},"end":{"line":77,"column":17}},{"start":{"line":77,"column":21},"end":{"line":77,"column":34}},{"start":{"line":78,"column":8},"end":{"line":78,"column":17}},{"start":{"line":78,"column":21},"end":{"line":78,"column":34}},{"start":{"line":79,"column":8},"end":{"line":79,"column":42}}],"line":77},"8":{"loc":{"start":{"line":85,"column":4},"end":{"line":94,"column":5}},"type":"if","locations":[{"start":{"line":85,"column":4},"end":{"line":94,"column":5}},{"start":{"line":85,"column":4},"end":{"line":94,"column":5}}],"line":85},"9":{"loc":{"start":{"line":85,"column":8},"end":{"line":85,"column":38}},"type":"binary-expr","locations":[{"start":{"line":85,"column":8},"end":{"line":85,"column":21}},{"start":{"line":85,"column":25},"end":{"line":85,"column":38}}],"line":85},"10":{"loc":{"start":{"line":112,"column":4},"end":{"line":112,"column":67}},"type":"if","locations":[{"start":{"line":112,"column":4},"end":{"line":112,"column":67}},{"start":{"line":112,"column":4},"end":{"line":112,"column":67}}],"line":112}},"s":{"0":1,"1":1,"2":1,"3":1,"4":1,"5":0,"6":0,"7":0,"8":0,"9":0,"10":0,"11":0,"12":0,"13":0,"14":0,"15":0,"16":0,"17":0,"18":0,"19":0,"20":0,"21":0,"22":0,"23":0,"24":0,"25":0,"26":0,"27":0,"28":0,"29":0,"30":0,"31":0,"32":0,"33":0,"34":0,"35":0,"36":0,"37":0,"38":0,"39":0,"40":0,"41":0,"42":0,"43":0,"44":0,"45":0,"46":0,"47":0,"48":0,"49":0,"50":0,"51":0,"52":0,"53":0,"54":0,"55":0,"56":0,"57":0,"58":0,"59":1},"f":{"0":0,"1":0,"2":0,"3":0,"4":0,"5":0,"6":0},"b":{"0":[0,0],"1":[0,0],"2":[0,0],"3":[0,0],"4":[0,0],"5":[0,0],"6":[0,0],"7":[0,0,0,0,0],"8":[0,0],"9":[0,0],"10":[0,0]},"_coverageSchema":"332fd63041d2c1bcb487cc26dd0d5f7d97098a6c","hash":"0490d70a4b2294717a27bd4178fc03be219ede1d"}
,"/Users/uni/otm-harjoitustyo/snake/sum.js": {"path":"/Users/uni/otm-harjoitustyo/snake/sum.js","statementMap":{"0":{"start":{"line":2,"column":4},"end":{"line":2,"column":17}},"1":{"start":{"line":4,"column":2},"end":{"line":4,"column":23}}},"fnMap":{"0":{"name":"sum","decl":{"start":{"line":1,"column":9},"end":{"line":1,"column":12}},"loc":{"start":{"line":1,"column":19},"end":{"line":3,"column":3}},"line":1}},"branchMap":{},"s":{"0":1,"1":1},"f":{"0":1},"b":{},"_coverageSchema":"332fd63041d2c1bcb487cc26dd0d5f7d97098a6c","hash":"1ea5460890a58465375f04ac73af08f0b24ccfee"}
}
