TN:
SF:/Users/uni/otm-harjoitustyo/snake/logic/controls.js
FN:8,onKeyPress
FNF:1
FNH:1
FNDA:5,onKeyPress
DA:9,5
DA:11,2
DA:12,1
DA:15,1
DA:16,0
DA:19,1
DA:20,0
DA:23,1
DA:24,0
DA:27,0
DA:31,1
LF:11
LH:7
BRDA:9,0,0,2
BRDA:9,0,1,1
BRDA:9,0,2,1
BRDA:9,0,3,1
BRDA:9,0,4,0
BRDA:11,1,0,1
BRDA:11,1,1,1
BRDA:15,2,0,1
BRDA:15,2,1,0
BRDA:19,3,0,1
BRDA:19,3,1,0
BRDA:23,4,0,1
BRDA:23,4,1,0
BRF:13
BRH:9
end_of_record
TN:
SF:/Users/uni/otm-harjoitustyo/snake/logic/food.js
FN:9,xPosition
FN:19,yPosition
FN:28,createFood
FNF:3
FNH:2
FNDA:2,xPosition
FNDA:2,yPosition
FNDA:0,createFood
DA:10,2
DA:20,2
DA:29,0
DA:36,1
LF:4
LH:3
BRF:0
BRH:0
end_of_record
TN:
SF:/Users/uni/otm-harjoitustyo/snake/logic/snake.js
FN:6,createSnake
FN:21,checkCollision
FN:37,snakeCollides
FNF:3
FNH:3
FNDA:2,createSnake
FNDA:2,checkCollision
FNDA:1,snakeCollides
DA:7,2
DA:8,2
DA:9,2
DA:10,4
DA:13,2
DA:22,2
DA:23,0
DA:24,0
DA:26,2
DA:38,1
DA:40,1
DA:41,0
DA:45,1
LF:13
LH:10
BRDA:23,0,0,0
BRDA:23,0,1,0
BRDA:23,1,0,0
BRDA:23,1,1,0
BRDA:38,2,0,1
BRDA:38,2,1,0
BRDA:38,3,0,1
BRDA:38,3,1,0
BRDA:38,3,2,0
BRDA:38,3,3,0
BRDA:38,3,4,0
BRF:11
BRH:2
end_of_record
